生成启动时间为 2020/12/6 22:31:26。
     1>项目“D:\vs-try\bit_class\work_12_6\try_12_4\Project1\Project1\Project1.vcxproj”在节点 2 上(Build 个目标)。
     1>ClCompile:
         D:\新--VS2013\VC\bin\CL.exe /c /ZI /nologo /W3 /WX- /sdl /Od /Oy- /D _MBCS /Gm /EHsc /RTC1 /MDd /GS /fp:precise /Zc:wchar_t /Zc:forScope /Fo"Debug\\" /Fd"Debug\vc120.pdb" /Gd /TC /analyze- /errorReport:prompt try_1.c
         try_1.c
     1>d:\vs-try\bit_class\work_12_6\try_12_4\project1\project1\try_1.c(29): warning C4018: “<”: 有符号/无符号不匹配
     1>d:\vs-try\bit_class\work_12_6\try_12_4\project1\project1\try_1.c(40): warning C4018: “>”: 有符号/无符号不匹配
     1>d:\vs-try\bit_class\work_12_6\try_12_4\project1\project1\try_1.c(94): warning C4018: “<”: 有符号/无符号不匹配
     1>d:\vs-try\bit_class\work_12_6\try_12_4\project1\project1\try_1.c(125): warning C4018: “<”: 有符号/无符号不匹配
     1>d:\vs-try\bit_class\work_12_6\try_12_4\project1\project1\try_1.c(136): warning C4018: “>=”: 有符号/无符号不匹配
     1>d:\vs-try\bit_class\work_12_6\try_12_4\project1\project1\try_1.c(146): warning C4028: 形参 2 与声明不同
     1>d:\vs-try\bit_class\work_12_6\try_12_4\project1\project1\try_1.c(148): warning C4018: “<=”: 有符号/无符号不匹配
     1>d:\vs-try\bit_class\work_12_6\try_12_4\project1\project1\try_1.c(164): warning C4028: 形参 2 与声明不同
     1>d:\vs-try\bit_class\work_12_6\try_12_4\project1\project1\try_1.c(166): warning C4018: “<=”: 有符号/无符号不匹配
     1>d:\vs-try\bit_class\work_12_6\try_12_4\project1\project1\try_1.c(169): warning C4018: “<”: 有符号/无符号不匹配
     1>d:\vs-try\bit_class\work_12_6\try_12_4\project1\project1\try_1.c(142): warning C4715: “SeqListFind”: 不是所有的控件路径都返回值
       Link:
         D:\新--VS2013\VC\bin\link.exe /ERRORREPORT:PROMPT /OUT:"D:\vs-try\bit_class\work_12_6\try_12_4\Project1\Debug\Project1.exe" /INCREMENTAL /NOLOGO kernel32.lib user32.lib gdi32.lib winspool.lib comdlg32.lib advapi32.lib shell32.lib ole32.lib oleaut32.lib uuid.lib odbc32.lib odbccp32.lib /MANIFEST /MANIFESTUAC:"level='asInvoker' uiAccess='false'" /manifest:embed /DEBUG /PDB:"D:\vs-try\bit_class\work_12_6\try_12_4\Project1\Debug\Project1.pdb" /TLBID:1 /DYNAMICBASE /NXCOMPAT /IMPLIB:"D:\vs-try\bit_class\work_12_6\try_12_4\Project1\Debug\Project1.lib" /MACHINE:X86 Debug\try_1.obj
     1>try_1.obj : error LNK2019: 无法解析的外部符号 _SeqListPushBack，该符号在函数 _test 中被引用
     1>D:\vs-try\bit_class\work_12_6\try_12_4\Project1\Debug\Project1.exe : fatal error LNK1120: 1 个无法解析的外部命令
     1>已完成生成项目“D:\vs-try\bit_class\work_12_6\try_12_4\Project1\Project1\Project1.vcxproj”(Build 个目标)的操作 - 失败。

生成失败。

已用时间 00:00:00.45
